[2017-01-27 17:20:59] START
[2017-01-27 17:21:45] EDIT WagMore/controllers/default.py: 4
[2017-01-27 17:22:29] CREATE loginpage.html: 0
[2017-01-27 17:22:58] EDIT WagMore/views/loginpage.html: 148
[2017-01-27 17:24:42] EDIT WagMore/views/loginpage.html: 0
[2017-01-27 17:25:56] EDIT WagMore/views/loginpage.html: 0
[2017-01-27 17:26:03] EDIT WagMore/views/loginpage.html: 0
[2017-01-27 17:26:09] EDIT WagMore/views/loginpage.html: 0
[2017-01-27 17:31:43] CREATE default/loginpage.html: 0
[2017-01-27 17:32:09] EDIT WagMore/views/default/loginpage.html: 148
[2017-01-27 17:32:36] CREATE default/signuppage.html: 0
[2017-01-27 17:32:57] EDIT WagMore/views/default/signuppage.html: 35
[2017-01-27 17:33:07] CREATE default/signuppage2.html: 0
[2017-01-27 17:33:20] EDIT WagMore/views/default/signuppage2.html: 45
[2017-01-27 17:35:40] EDIT WagMore/views/default/signuppage2.html: 0
[2017-01-27 17:41:04] CREATE default/createProfile.html: 0
[2017-01-27 17:42:29] EDIT WagMore/controllers/default.py: 2
[2017-01-27 17:56:33] EDIT WagMore/views/default/createProfile.html: -1
[2017-01-29 18:44:31] EDIT WagMore/views/default/createProfile.html: 0
[2017-01-31 11:53:55] EDIT WagMore/controllers/default.py: 2
[2017-01-31 11:54:22] CREATE default/createProfile2.html: 0
[2017-01-31 12:04:20] CREATE default/createProfile_interests.html: 0
[2017-01-31 12:05:03] EDIT WagMore/controllers/default.py: 2
[2017-01-31 12:07:06] EDIT WagMore/controllers/default.py: 2
[2017-01-31 12:07:40] CREATE default/createProfile_aboutYourself.html: 0
[2017-01-31 12:10:47] EDIT WagMore/controllers/default.py: 2
[2017-01-31 12:10:58] CREATE default/createProfile_confirmation.html: 0
[2017-02-01 09:23:51] EDIT WagMore/models/db.py: 21
[2017-02-01 09:24:07] EDIT WagMore/models/db.py: 0
[2017-02-01 09:24:11] EDIT WagMore/models/db.py: 0
[2017-02-01 09:24:43] EDIT WagMore/models/db.py: 0
[2017-02-01 09:25:58] EDIT WagMore/models/db.py: 0
[2017-02-01 09:28:28] EDIT WagMore/views/default/user.html: -1
[2017-02-01 09:29:04] EDIT WagMore/views/default/user.html: 1
[2017-02-01 09:29:38] EDIT WagMore/controllers/default.py: 2
[2017-02-01 09:30:50] CREATE default/mainpa.html: 0
[2017-02-01 09:31:19] DELETE WagMore/views/default/mainpa.html: -3
[2017-02-01 09:32:15] CREATE default/mainPage.html: 0
[2017-02-01 09:44:58] EDIT WagMore/controllers/default.py: 0
[2017-02-01 10:04:01] EDIT WagMore/models/db.py: 7
[2017-02-01 10:06:37] EDIT WagMore/controllers/default.py: 3
[2017-02-01 10:12:03] EDIT WagMore/controllers/default.py: 4
[2017-02-01 10:14:14] EDIT WagMore/views/default/mainPage.html: 0
[2017-02-01 10:15:21] EDIT WagMore/views/default/mainPage.html: -1
[2017-02-01 10:15:33] EDIT WagMore/views/default/mainPage.html: -1
[2017-02-01 10:18:04] EDIT WagMore/views/default/mainPage.html: 139
[2017-02-01 10:22:57] EDIT WagMore/models/db.py: -2
[2017-02-01 10:23:16] EDIT WagMore/models/db.py: 2
[2017-02-01 10:23:22] EDIT WagMore/models/db.py: 0
[2017-02-01 10:23:54] EDIT WagMore/models/db.py: 0
[2017-02-01 10:24:12] EDIT WagMore/models/db.py: 0
[2017-02-01 10:24:24] EDIT WagMore/models/db.py: 0
[2017-02-01 10:26:03] EDIT WagMore/models/db.py: -1
[2017-02-01 10:27:47] EDIT WagMore/models/db.py: 2
[2017-02-01 10:29:08] EDIT WagMore/models/db.py: -1
[2017-02-01 10:30:13] EDIT WagMore/models/db.py: 1
[2017-02-01 10:33:01] EDIT WagMore/models/db.py: 0
[2017-02-01 10:33:15] EDIT WagMore/models/db.py: -1
[2017-02-01 10:33:26] EDIT WagMore/models/db.py: -1
[2017-02-01 10:35:45] EDIT WagMore/models/db.py: 0
[2017-02-01 10:46:43] EDIT WagMore/models/db.py: 2
[2017-02-01 10:47:10] EDIT WagMore/models/db.py: 0
[2017-02-01 10:47:26] EDIT WagMore/models/db.py: 0
[2017-02-01 10:50:13] EDIT WagMore/models/db.py: 0
[2017-02-01 10:50:48] EDIT WagMore/models/db.py: 0
[2017-02-01 10:51:19] EDIT WagMore/models/db.py: 0
[2017-02-01 10:54:10] EDIT WagMore/views/default/mainPage.html: 4
[2017-02-01 10:56:27] EDIT WagMore/views/default/mainPage.html: 3
[2017-02-01 11:00:43] EDIT WagMore/models/db.py: 4
[2017-02-01 11:00:48] EDIT WagMore/models/db.py: 0
[2017-02-01 11:01:20] EDIT WagMore/models/db.py: 0
[2017-02-01 11:01:42] EDIT WagMore/models/db.py: 0
[2017-02-01 11:03:44] EDIT WagMore/views/default/mainPage.html: 3
[2017-02-01 11:04:13] EDIT WagMore/views/default/mainPage.html: -98
[2017-02-01 11:09:13] EDIT WagMore/controllers/default.py: 0
[2017-02-01 11:10:09] EDIT WagMore/controllers/default.py: 0
[2017-02-01 11:10:34] EDIT WagMore/views/default/mainPage.html: 0
[2017-02-01 11:11:32] EDIT WagMore/views/default/mainPage.html: -1
[2017-02-01 11:17:45] EDIT WagMore/views/default/mainPage.html: 1
[2017-02-01 11:20:07] EDIT WagMore/views/default/mainPage.html: 1
[2017-02-01 11:20:40] EDIT WagMore/views/default/mainPage.html: 0
[2017-02-01 11:22:02] EDIT WagMore/views/default/mainPage.html: 0
[2017-02-01 11:22:37] EDIT WagMore/views/default/mainPage.html: 0
[2017-02-01 11:23:01] EDIT WagMore/views/default/mainPage.html: 0
[2017-02-01 11:24:44] EDIT WagMore/views/default/mainPage.html: 0
[2017-02-01 11:25:18] EDIT WagMore/views/default/mainPage.html: 1
[2017-02-01 11:25:20] EDIT WagMore/views/default/mainPage.html: 0
[2017-02-01 11:26:56] EDIT WagMore/views/default/mainPage.html: -2
[2017-02-01 11:31:21] EDIT WagMore/views/default/mainPage.html: -2
[2017-02-01 11:31:33] EDIT WagMore/views/default/mainPage.html: 0
[2017-02-01 11:31:39] EDIT WagMore/views/default/mainPage.html: 2
[2017-02-01 11:32:57] EDIT WagMore/views/default/mainPage.html: -1
[2017-02-01 11:33:24] EDIT WagMore/views/default/mainPage.html: 1
[2017-02-01 11:35:26] EDIT WagMore/controllers/default.py: 0
[2017-02-01 11:35:53] EDIT WagMore/controllers/default.py: 0
[2017-02-01 12:08:06] EDIT WagMore/views/default/mainPage.html: 0
[2017-02-01 13:21:21] EDIT WagMore/controllers/default.py: 1
[2017-02-01 13:30:52] EDIT WagMore/views/default/loginpage.html: 10
[2017-02-01 13:31:49] EDIT WagMore/views/default/loginpage.html: 16
[2017-02-01 13:32:39] EDIT WagMore/views/default/user.html: -1
[2017-02-01 13:33:23] EDIT WagMore/controllers/default.py: 0
[2017-02-01 13:34:57] EDIT WagMore/views/default/loginpage.html: -8
[2017-02-01 13:36:51] EDIT WagMore/views/default/loginpage.html: -18
[2017-02-01 13:38:07] EDIT WagMore/controllers/default.py: 0
[2017-02-01 13:41:33] EDIT WagMore/models/db.py: 1
[2017-02-01 13:42:22] EDIT WagMore/views/default/mainPage.html: -1
[2017-02-01 13:43:57] EDIT WagMore/controllers/default.py: 1
[2017-02-01 13:44:25] EDIT WagMore/models/db.py: 0
[2017-02-01 13:48:49] EDIT WagMore/controllers/default.py: 0
[2017-02-01 13:49:11] EDIT WagMore/controllers/default.py: 0
[2017-02-01 13:49:21] EDIT WagMore/models/db.py: 0
[2017-02-01 13:49:46] EDIT WagMore/controllers/default.py: 0
[2017-02-01 13:50:52] EDIT WagMore/views/default/user.html: 1
[2017-02-01 13:52:40] EDIT WagMore/controllers/default.py: 0
[2017-02-01 13:53:08] EDIT WagMore/controllers/default.py: 0
[2017-02-01 13:53:55] EDIT WagMore/controllers/default.py: 0
[2017-02-01 13:54:08] EDIT WagMore/controllers/default.py: 0
[2017-02-01 13:55:48] EDIT WagMore/controllers/default.py: 0
[2017-02-01 13:56:25] EDIT WagMore/models/db.py: 0
[2017-02-01 13:56:55] EDIT WagMore/models/db.py: 0
[2017-02-01 13:57:02] EDIT WagMore/controllers/default.py: 0
[2017-02-01 13:57:50] EDIT WagMore/controllers/default.py: 0
[2017-02-01 13:59:50] EDIT WagMore/controllers/default.py: 1
[2017-02-01 14:01:25] EDIT WagMore/controllers/default.py: 0
[2017-02-01 14:02:07] EDIT WagMore/controllers/default.py: -1
[2017-02-01 14:02:09] EDIT WagMore/controllers/default.py: 0
[2017-02-01 14:02:20] EDIT WagMore/controllers/default.py: 0
[2017-02-01 14:05:32] EDIT WagMore/controllers/default.py: 0
[2017-02-01 14:06:14] EDIT WagMore/models/db.py: 0
[2017-02-01 14:07:12] EDIT WagMore/controllers/default.py: 0
[2017-02-01 14:07:21] EDIT WagMore/controllers/default.py: 0
[2017-02-01 14:08:25] EDIT WagMore/controllers/default.py: -1
[2017-02-01 14:08:39] EDIT WagMore/views/default/mainPage.html: 1
[2017-02-01 14:09:37] EDIT WagMore/views/default/mainPage.html: 0
[2017-02-01 14:10:29] EDIT WagMore/views/default/mainPage.html: 0
[2017-02-01 14:10:46] EDIT WagMore/views/default/mainPage.html: 0
[2017-02-01 14:12:36] EDIT WagMore/views/default/mainPage.html: -1
[2017-02-01 14:12:51] EDIT WagMore/models/db.py: 0
[2017-02-01 14:13:53] EDIT WagMore/models/db.py: 0
[2017-02-01 14:14:17] EDIT WagMore/models/db.py: 1
[2017-02-01 14:15:07] EDIT WagMore/models/db.py: -1
[2017-02-01 14:15:31] EDIT WagMore/models/db.py: 0
[2017-02-01 14:17:51] EDIT WagMore/views/default/mainPage.html: 1
[2017-02-01 14:18:23] EDIT WagMore/views/default/mainPage.html: 0
[2017-02-01 14:19:19] EDIT WagMore/views/default/mainPage.html: 0
[2017-02-01 14:20:09] EDIT WagMore/views/default/mainPage.html: 0
[2017-02-01 14:22:12] EDIT WagMore/models/db.py: 0
[2017-02-01 14:22:27] EDIT WagMore/models/db.py: 0
[2017-02-01 14:22:39] EDIT WagMore/models/db.py: 0
[2017-02-01 14:24:04] EDIT WagMore/models/db.py: 0
[2017-02-01 14:25:15] EDIT WagMore/models/db.py: 0
[2017-02-01 14:27:11] EDIT WagMore/views/default/mainPage.html: 0
[2017-02-01 14:27:57] EDIT WagMore/views/default/mainPage.html: 0
[2017-02-01 14:28:12] EDIT WagMore/views/default/mainPage.html: 0
[2017-02-01 14:38:45] EDIT WagMore/views/default/mainPage.html: 0
[2017-02-01 14:44:03] EDIT WagMore/controllers/default.py: 0
[2017-02-01 15:04:48] EDIT WagMore/models/db.py: 0
[2017-02-01 15:05:40] EDIT WagMore/models/db.py: 0
[2017-02-01 15:06:36] EDIT WagMore/views/default/mainPage.html: 0
[2017-02-01 15:07:11] EDIT WagMore/views/default/mainPage.html: 0
[2017-02-01 15:09:18] EDIT WagMore/controllers/default.py: 1
[2017-02-01 15:10:31] EDIT WagMore/models/db.py: 0
[2017-02-01 15:10:42] EDIT WagMore/controllers/default.py: -1
[2017-02-01 15:11:29] EDIT WagMore/views/default/mainPage.html: 0
[2017-02-01 15:12:07] EDIT WagMore/views/default/mainPage.html: 0
[2017-02-01 15:12:16] EDIT WagMore/models/db.py: 0
[2017-02-01 15:13:08] EDIT WagMore/models/db.py: 0
[2017-02-01 15:13:26] EDIT WagMore/models/db.py: 0
[2017-02-01 15:16:56] EDIT WagMore/models/db.py: 0
[2017-02-01 15:17:04] EDIT WagMore/models/db.py: 0
[2017-02-01 15:17:19] EDIT WagMore/models/db.py: 0
[2017-02-01 15:17:30] EDIT WagMore/models/db.py: 0
[2017-02-01 15:24:08] EDIT WagMore/models/db.py: 0
[2017-02-01 15:25:34] EDIT WagMore/models/db.py: 0
[2017-02-01 15:25:42] EDIT WagMore/models/db.py: 0
[2017-02-01 15:26:05] EDIT WagMore/views/default/mainPage.html: 0
[2017-02-01 15:26:39] EDIT WagMore/views/default/mainPage.html: 0
[2017-02-01 15:27:39] EDIT WagMore/models/db.py: 1
[2017-02-01 15:27:45] EDIT WagMore/models/db.py: 0
[2017-02-01 15:28:48] EDIT WagMore/models/db.py: 0
[2017-02-01 15:30:06] EDIT WagMore/views/default/mainPage.html: 0
[2017-02-01 15:30:36] EDIT WagMore/models/db.py: -1
[2017-02-01 15:30:42] EDIT WagMore/views/default/mainPage.html: 0
[2017-02-01 15:36:54] EDIT WagMore/models/db.py: 0
[2017-02-01 16:47:29] EDIT WagMore/controllers/default.py: 1
[2017-02-01 16:48:31] EDIT WagMore/controllers/default.py: 1
[2017-02-01 16:49:36] EDIT WagMore/controllers/default.py: -1
[2017-02-01 16:50:27] EDIT WagMore/controllers/default.py: 0
[2017-02-01 16:54:15] EDIT WagMore/controllers/default.py: 1
[2017-02-01 16:55:12] EDIT WagMore/controllers/default.py: 0
[2017-02-01 16:59:34] EDIT WagMore/models/db.py: 0
[2017-02-01 16:59:35] EDIT WagMore/models/db.py: 0
[2017-02-01 17:00:35] EDIT WagMore/models/db.py: 0
[2017-02-01 17:00:37] EDIT WagMore/models/db.py: 0
[2017-02-01 17:00:39] EDIT WagMore/models/db.py: 0
[2017-02-01 17:00:39] EDIT WagMore/models/db.py: 0
[2017-02-01 17:00:42] EDIT WagMore/models/db.py: 0
[2017-02-01 17:06:15] EDIT WagMore/controllers/default.py: 1
[2017-02-01 17:06:23] EDIT WagMore/controllers/default.py: -1
[2017-02-01 17:06:43] EDIT WagMore/controllers/default.py: 0
[2017-02-01 17:07:34] EDIT WagMore/controllers/default.py: 0
[2017-02-01 17:08:20] EDIT WagMore/controllers/default.py: 0
[2017-02-01 17:08:34] EDIT WagMore/controllers/default.py: 0
[2017-02-01 17:11:19] EDIT WagMore/models/db.py: 0
[2017-02-01 17:12:11] EDIT WagMore/controllers/default.py: 0
[2017-02-01 17:13:08] EDIT WagMore/models/db.py: 0
[2017-02-01 17:13:29] EDIT WagMore/models/db.py: 0
[2017-02-01 17:14:35] EDIT WagMore/controllers/default.py: 0
[2017-02-01 17:15:17] EDIT WagMore/controllers/default.py: 0
[2017-02-01 17:15:22] EDIT WagMore/models/db.py: 0
[2017-02-01 17:15:50] EDIT WagMore/models/db.py: 0
[2017-02-01 17:16:19] EDIT WagMore/controllers/default.py: 0
[2017-02-01 17:17:50] EDIT WagMore/models/db.py: 1
[2017-02-01 17:18:27] EDIT WagMore/models/db.py: 0
[2017-02-01 17:18:47] EDIT WagMore/models/db.py: 0
[2017-02-01 17:20:28] EDIT WagMore/models/db.py: 0
[2017-02-01 17:21:37] EDIT WagMore/models/db.py: 0
[2017-02-01 17:22:28] EDIT WagMore/controllers/default.py: -1
[2017-02-01 17:25:44] EDIT WagMore/controllers/default.py: 2
[2017-02-01 17:27:44] EDIT WagMore/controllers/default.py: 0
[2017-02-01 17:27:44] EDIT WagMore/controllers/default.py: 0
[2017-02-01 17:27:50] EDIT WagMore/controllers/default.py: 0
[2017-02-01 17:28:14] EDIT WagMore/controllers/default.py: 0
[2017-02-01 17:35:23] EDIT WagMore/controllers/default.py: 2
[2017-02-01 17:36:15] EDIT WagMore/controllers/default.py: 0
[2017-02-01 17:39:05] EDIT WagMore/controllers/default.py: 1
[2017-02-01 17:39:25] EDIT WagMore/controllers/default.py: -1
[2017-02-01 17:41:43] EDIT WagMore/controllers/default.py: 0
[2017-02-01 17:48:12] EDIT WagMore/controllers/default.py: 2
[2017-02-01 17:48:35] EDIT WagMore/controllers/default.py: 0
[2017-02-01 17:49:05] EDIT WagMore/controllers/default.py: 0
[2017-02-01 17:55:32] EDIT WagMore/controllers/default.py: -2
[2017-02-01 17:56:01] EDIT WagMore/controllers/default.py: 0
[2017-02-01 17:56:08] EDIT WagMore/controllers/default.py: 0
[2017-02-01 17:56:20] EDIT WagMore/controllers/default.py: 0
[2017-02-01 17:56:23] EDIT WagMore/controllers/default.py: 0
[2017-02-01 17:56:59] EDIT WagMore/controllers/default.py: 0
[2017-02-01 17:57:16] EDIT WagMore/controllers/default.py: 0
[2017-02-01 17:57:44] EDIT WagMore/controllers/default.py: 0
[2017-02-01 17:58:01] EDIT WagMore/controllers/default.py: 1
[2017-02-01 17:58:41] EDIT WagMore/controllers/default.py: 0
[2017-02-01 17:59:48] EDIT WagMore/controllers/default.py: 0
[2017-02-01 18:01:20] EDIT WagMore/controllers/default.py: 0
[2017-02-01 18:01:27] EDIT WagMore/controllers/default.py: 0
[2017-02-01 18:01:59] EDIT WagMore/controllers/default.py: 0
[2017-02-01 18:02:17] EDIT WagMore/controllers/default.py: 0
[2017-02-01 18:03:19] EDIT WagMore/controllers/default.py: 0
[2017-02-01 18:03:39] EDIT WagMore/controllers/default.py: 0
[2017-02-01 18:04:18] EDIT WagMore/controllers/default.py: 0
[2017-02-01 18:05:03] EDIT WagMore/controllers/default.py: 0
[2017-02-01 18:05:20] EDIT WagMore/controllers/default.py: 0
[2017-02-01 18:05:42] EDIT WagMore/controllers/default.py: 0
[2017-02-01 18:06:06] EDIT WagMore/controllers/default.py: 0
[2017-02-01 18:10:57] EDIT WagMore/controllers/default.py: -4
[2017-02-01 18:11:31] EDIT WagMore/controllers/default.py: 1
[2017-02-01 18:11:56] EDIT WagMore/controllers/default.py: 0
[2017-02-01 18:12:16] EDIT WagMore/controllers/default.py: 0
[2017-02-01 18:12:25] EDIT WagMore/controllers/default.py: 0
[2017-02-01 18:15:03] EDIT WagMore/models/db.py: -1
[2017-02-01 18:15:12] EDIT WagMore/controllers/default.py: 0
[2017-02-01 18:15:17] EDIT WagMore/controllers/default.py: 0
[2017-02-01 18:15:17] EDIT WagMore/controllers/default.py: 0
[2017-02-01 18:16:01] EDIT WagMore/views/default/mainPage.html: -1
[2017-02-01 18:16:27] EDIT WagMore/models/db.py: 0
[2017-02-01 18:17:59] EDIT WagMore/controllers/default.py: 2
[2017-02-01 18:20:07] EDIT WagMore/controllers/default.py: 2
[2017-02-01 18:22:45] EDIT WagMore/controllers/default.py: 0
[2017-02-01 18:25:54] EDIT WagMore/controllers/default.py: 0
[2017-02-01 18:26:38] EDIT WagMore/controllers/default.py: 0
[2017-02-01 18:27:53] EDIT WagMore/controllers/default.py: 0
[2017-02-01 18:28:10] EDIT WagMore/controllers/default.py: 0
[2017-02-01 18:28:37] EDIT WagMore/controllers/default.py: 0
[2017-02-01 18:28:55] EDIT WagMore/controllers/default.py: 0
[2017-02-01 18:29:18] EDIT WagMore/controllers/default.py: 0
[2017-02-01 18:29:42] EDIT WagMore/controllers/default.py: 0
[2017-02-01 18:29:58] EDIT WagMore/controllers/default.py: 0
[2017-02-01 18:30:45] EDIT WagMore/controllers/default.py: 0
[2017-02-01 18:34:18] EDIT WagMore/controllers/default.py: 0
[2017-02-01 18:35:53] EDIT WagMore/controllers/default.py: 0
[2017-02-01 18:36:09] EDIT WagMore/controllers/default.py: 0
[2017-02-01 18:37:19] EDIT WagMore/controllers/default.py: 0
[2017-02-01 18:37:43] EDIT WagMore/controllers/default.py: 0
[2017-02-01 18:38:23] EDIT WagMore/controllers/default.py: 0
